{"/home/rickbell/code/401/401JSCodeChallenges/code-challenges/height_of_BT/index.js": {"path":"/home/rickbell/code/401/401JSCodeChallenges/code-challenges/height_of_BT/index.js","statementMap":{"0":{"start":{"line":3,"column":21},"end":{"line":3,"column":46}},"1":{"start":{"line":3,"column":31},"end":{"line":3,"column":46}},"2":{"start":{"line":4,"column":19},"end":{"line":11,"column":1}},"3":{"start":{"line":5,"column":2},"end":{"line":7,"column":3}},"4":{"start":{"line":6,"column":4},"end":{"line":6,"column":13}},"5":{"start":{"line":10,"column":2},"end":{"line":10,"column":73}},"6":{"start":{"line":13,"column":0},"end":{"line":13,"column":44}}},"fnMap":{"0":{"name":"(anonymous_0)","decl":{"start":{"line":3,"column":21},"end":{"line":3,"column":22}},"loc":{"start":{"line":3,"column":31},"end":{"line":3,"column":46}},"line":3},"1":{"name":"(anonymous_1)","decl":{"start":{"line":4,"column":19},"end":{"line":4,"column":20}},"loc":{"start":{"line":4,"column":27},"end":{"line":11,"column":1}},"line":4}},"branchMap":{"0":{"loc":{"start":{"line":3,"column":31},"end":{"line":3,"column":46}},"type":"cond-expr","locations":[{"start":{"line":3,"column":41},"end":{"line":3,"column":42}},{"start":{"line":3,"column":45},"end":{"line":3,"column":46}}],"line":3},"1":{"loc":{"start":{"line":5,"column":2},"end":{"line":7,"column":3}},"type":"if","locations":[{"start":{"line":5,"column":2},"end":{"line":7,"column":3}},{"start":{"line":5,"column":2},"end":{"line":7,"column":3}}],"line":5}},"s":{"0":1,"1":4,"2":1,"3":9,"4":5,"5":4,"6":1},"f":{"0":4,"1":9},"b":{"0":[1,3],"1":[5,4]},"_coverageSchema":"43e27e138ebf9cfc5966b082cf9a028302ed4184","hash":"f26e025b0e753a28f9e3241b25998ae80b44747b"}
,"/home/rickbell/code/401/401JSCodeChallenges/code-challenges/height_of_BT/lib/newBT.js": {"path":"/home/rickbell/code/401/401JSCodeChallenges/code-challenges/height_of_BT/lib/newBT.js","statementMap":{"0":{"start":{"line":4,"column":4},"end":{"line":4,"column":25}},"1":{"start":{"line":7,"column":0},"end":{"line":7,"column":28}}},"fnMap":{"0":{"name":"(anonymous_0)","decl":{"start":{"line":3,"column":2},"end":{"line":3,"column":3}},"loc":{"start":{"line":3,"column":23},"end":{"line":5,"column":3}},"line":3}},"branchMap":{},"s":{"0":1,"1":1},"f":{"0":1},"b":{},"_coverageSchema":"43e27e138ebf9cfc5966b082cf9a028302ed4184","hash":"5bcacd3c5a7ff47c7bc2fb90891dce9b3a1af3fb"}
,"/home/rickbell/code/401/401JSCodeChallenges/code-challenges/height_of_BT/lib/newNode.js": {"path":"/home/rickbell/code/401/401JSCodeChallenges/code-challenges/height_of_BT/lib/newNode.js","statementMap":{"0":{"start":{"line":4,"column":4},"end":{"line":4,"column":23}},"1":{"start":{"line":5,"column":4},"end":{"line":5,"column":21}},"2":{"start":{"line":6,"column":4},"end":{"line":6,"column":22}},"3":{"start":{"line":10,"column":0},"end":{"line":10,"column":22}}},"fnMap":{"0":{"name":"(anonymous_0)","decl":{"start":{"line":3,"column":2},"end":{"line":3,"column":3}},"loc":{"start":{"line":3,"column":20},"end":{"line":7,"column":3}},"line":3}},"branchMap":{},"s":{"0":4,"1":4,"2":4,"3":1},"f":{"0":4},"b":{},"_coverageSchema":"43e27e138ebf9cfc5966b082cf9a028302ed4184","hash":"f1a840f012586b797a888d06a467c97b35cf8959"}
}
