TN:
SF:/home/rickbell/code/401/401JSCodeChallenges/code-challenges/height_of_BT/index.js
FN:3,(anonymous_0)
FN:4,(anonymous_1)
FNF:2
FNH:2
FNDA:4,(anonymous_0)
FNDA:9,(anonymous_1)
DA:3,4
DA:4,1
DA:5,9
DA:6,5
DA:10,4
DA:13,1
LF:6
LH:6
BRDA:3,0,0,1
BRDA:3,0,1,3
BRDA:5,1,0,5
BRDA:5,1,1,4
BRF:4
BRH:4
end_of_record
TN:
SF:/home/rickbell/code/401/401JSCodeChallenges/code-challenges/height_of_BT/lib/newBT.js
FN:3,(anonymous_0)
FNF:1
FNH:1
FNDA:1,(anonymous_0)
DA:4,1
DA:7,1
LF:2
LH:2
BRF:0
BRH:0
end_of_record
TN:
SF:/home/rickbell/code/401/401JSCodeChallenges/code-challenges/height_of_BT/lib/newNode.js
FN:3,(anonymous_0)
FNF:1
FNH:1
FNDA:4,(anonymous_0)
DA:4,4
DA:5,4
DA:6,4
DA:10,1
LF:4
LH:4
BRF:0
BRH:0
end_of_record
