<?xml version="1.0" encoding="UTF-8"?>
<coverage generated="1551066477698" clover="3.2.0">
  <project timestamp="1551066477698" name="All files">
    <metrics statements="43" coveredstatements="38" conditionals="8" coveredconditionals="6" methods="6" coveredmethods="6" elements="57" coveredelements="50" complexity="0" loc="43" ncloc="43" packages="1" files="2" classes="2"/>
    <file name="linked-list.js" path="/home/rickbell/code/401/401JSCodeChallenges/code-challenges/cc1-linkedList/lib/linked-list.js">
      <metrics statements="40" coveredstatements="35" conditionals="8" coveredconditionals="6" methods="5" coveredmethods="5"/>
      <line num="3" count="1" type="stmt"/>
      <line num="7" count="1" type="stmt"/>
      <line num="10" count="5" type="stmt"/>
      <line num="11" count="5" type="stmt"/>
      <line num="12" count="5" type="cond" truecount="2" falsecount="0"/>
      <line num="13" count="1" type="stmt"/>
      <line num="14" count="1" type="stmt"/>
      <line num="16" count="4" type="stmt"/>
      <line num="17" count="4" type="stmt"/>
      <line num="18" count="6" type="stmt"/>
      <line num="20" count="4" type="stmt"/>
      <line num="24" count="2" type="stmt"/>
      <line num="25" count="2" type="cond" truecount="1" falsecount="1"/>
      <line num="26" count="0" type="stmt"/>
      <line num="27" count="0" type="stmt"/>
      <line num="29" count="2" type="stmt"/>
      <line num="30" count="2" type="cond" truecount="2" falsecount="0"/>
      <line num="31" count="1" type="stmt"/>
      <line num="32" count="1" type="stmt"/>
      <line num="33" count="1" type="stmt"/>
      <line num="35" count="1" type="stmt"/>
      <line num="36" count="0" type="stmt"/>
      <line num="38" count="1" type="stmt"/>
      <line num="39" count="1" type="stmt"/>
      <line num="40" count="1" type="stmt"/>
      <line num="46" count="2" type="stmt"/>
      <line num="47" count="2" type="cond" truecount="1" falsecount="1"/>
      <line num="48" count="0" type="stmt"/>
      <line num="49" count="0" type="stmt"/>
      <line num="51" count="2" type="stmt"/>
      <line num="52" count="2" type="stmt"/>
      <line num="53" count="7" type="stmt"/>
      <line num="55" count="2" type="stmt"/>
      <line num="56" count="2" type="stmt"/>
      <line num="57" count="2" type="stmt"/>
      <line num="61" count="1" type="stmt"/>
      <line num="62" count="1" type="stmt"/>
      <line num="63" count="8" type="stmt"/>
      <line num="65" count="1" type="stmt"/>
      <line num="69" count="1" type="stmt"/>
    </file>
    <file name="newNode.js" path="/home/rickbell/code/401/401JSCodeChallenges/code-challenges/cc1-linkedList/lib/newNode.js">
      <metrics statements="3" coveredstatements="3" conditionals="0" coveredconditionals="0" methods="1" coveredmethods="1"/>
      <line num="5" count="10" type="stmt"/>
      <line num="6" count="10" type="stmt"/>
      <line num="10" count="1" type="stmt"/>
    </file>
  </project>
</coverage>
