{"/home/rickbell/code/401/401JSCodeChallenges/code-challenges/cc1-linkedList/lib/linked-list.js": {"path":"/home/rickbell/code/401/401JSCodeChallenges/code-challenges/cc1-linkedList/lib/linked-list.js","statementMap":{"0":{"start":{"line":3,"column":13},"end":{"line":3,"column":33}},"1":{"start":{"line":7,"column":8},"end":{"line":7,"column":25}},"2":{"start":{"line":10,"column":24},"end":{"line":10,"column":39}},"3":{"start":{"line":11,"column":8},"end":{"line":11,"column":28}},"4":{"start":{"line":12,"column":8},"end":{"line":21,"column":9}},"5":{"start":{"line":13,"column":12},"end":{"line":13,"column":32}},"6":{"start":{"line":14,"column":12},"end":{"line":14,"column":19}},"7":{"start":{"line":16,"column":26},"end":{"line":16,"column":35}},"8":{"start":{"line":17,"column":12},"end":{"line":19,"column":13}},"9":{"start":{"line":18,"column":16},"end":{"line":18,"column":39}},"10":{"start":{"line":20,"column":12},"end":{"line":20,"column":35}},"11":{"start":{"line":24,"column":24},"end":{"line":24,"column":42}},"12":{"start":{"line":25,"column":8},"end":{"line":43,"column":9}},"13":{"start":{"line":26,"column":12},"end":{"line":26,"column":32}},"14":{"start":{"line":27,"column":12},"end":{"line":27,"column":19}},"15":{"start":{"line":29,"column":26},"end":{"line":29,"column":35}},"16":{"start":{"line":30,"column":12},"end":{"line":41,"column":13}},"17":{"start":{"line":31,"column":15},"end":{"line":31,"column":38}},"18":{"start":{"line":32,"column":15},"end":{"line":32,"column":35}},"19":{"start":{"line":33,"column":15},"end":{"line":33,"column":22}},"20":{"start":{"line":35,"column":16},"end":{"line":37,"column":17}},"21":{"start":{"line":36,"column":20},"end":{"line":36,"column":43}},"22":{"start":{"line":38,"column":16},"end":{"line":38,"column":44}},"23":{"start":{"line":39,"column":16},"end":{"line":39,"column":39}},"24":{"start":{"line":40,"column":16},"end":{"line":40,"column":23}},"25":{"start":{"line":46,"column":24},"end":{"line":46,"column":42}},"26":{"start":{"line":47,"column":8},"end":{"line":58,"column":9}},"27":{"start":{"line":48,"column":12},"end":{"line":48,"column":32}},"28":{"start":{"line":49,"column":12},"end":{"line":49,"column":19}},"29":{"start":{"line":51,"column":26},"end":{"line":51,"column":35}},"30":{"start":{"line":52,"column":12},"end":{"line":54,"column":13}},"31":{"start":{"line":53,"column":16},"end":{"line":53,"column":39}},"32":{"start":{"line":55,"column":12},"end":{"line":55,"column":40}},"33":{"start":{"line":56,"column":12},"end":{"line":56,"column":35}},"34":{"start":{"line":57,"column":12},"end":{"line":57,"column":19}},"35":{"start":{"line":61,"column":22},"end":{"line":61,"column":31}},"36":{"start":{"line":62,"column":8},"end":{"line":64,"column":9}},"37":{"start":{"line":63,"column":12},"end":{"line":63,"column":35}},"38":{"start":{"line":65,"column":8},"end":{"line":65,"column":29}},"39":{"start":{"line":69,"column":0},"end":{"line":69,"column":28}}},"fnMap":{"0":{"name":"(anonymous_0)","decl":{"start":{"line":6,"column":4},"end":{"line":6,"column":5}},"loc":{"start":{"line":6,"column":17},"end":{"line":8,"column":5}},"line":6},"1":{"name":"(anonymous_1)","decl":{"start":{"line":9,"column":4},"end":{"line":9,"column":5}},"loc":{"start":{"line":9,"column":23},"end":{"line":22,"column":5}},"line":9},"2":{"name":"(anonymous_2)","decl":{"start":{"line":23,"column":4},"end":{"line":23,"column":5}},"loc":{"start":{"line":23,"column":33},"end":{"line":44,"column":5}},"line":23},"3":{"name":"(anonymous_3)","decl":{"start":{"line":45,"column":4},"end":{"line":45,"column":5}},"loc":{"start":{"line":45,"column":32},"end":{"line":59,"column":5}},"line":45},"4":{"name":"(anonymous_4)","decl":{"start":{"line":60,"column":4},"end":{"line":60,"column":5}},"loc":{"start":{"line":60,"column":15},"end":{"line":66,"column":5}},"line":60}},"branchMap":{"0":{"loc":{"start":{"line":12,"column":8},"end":{"line":21,"column":9}},"type":"if","locations":[{"start":{"line":12,"column":8},"end":{"line":21,"column":9}},{"start":{"line":12,"column":8},"end":{"line":21,"column":9}}],"line":12},"1":{"loc":{"start":{"line":25,"column":8},"end":{"line":43,"column":9}},"type":"if","locations":[{"start":{"line":25,"column":8},"end":{"line":43,"column":9}},{"start":{"line":25,"column":8},"end":{"line":43,"column":9}}],"line":25},"2":{"loc":{"start":{"line":30,"column":12},"end":{"line":41,"column":13}},"type":"if","locations":[{"start":{"line":30,"column":12},"end":{"line":41,"column":13}},{"start":{"line":30,"column":12},"end":{"line":41,"column":13}}],"line":30},"3":{"loc":{"start":{"line":47,"column":8},"end":{"line":58,"column":9}},"type":"if","locations":[{"start":{"line":47,"column":8},"end":{"line":58,"column":9}},{"start":{"line":47,"column":8},"end":{"line":58,"column":9}}],"line":47}},"s":{"0":1,"1":1,"2":5,"3":5,"4":5,"5":1,"6":1,"7":4,"8":4,"9":6,"10":4,"11":2,"12":2,"13":0,"14":0,"15":2,"16":2,"17":1,"18":1,"19":1,"20":1,"21":0,"22":1,"23":1,"24":1,"25":2,"26":2,"27":0,"28":0,"29":2,"30":2,"31":7,"32":2,"33":2,"34":2,"35":1,"36":1,"37":8,"38":1,"39":1},"f":{"0":1,"1":5,"2":2,"3":2,"4":1},"b":{"0":[1,4],"1":[0,2],"2":[1,1],"3":[0,2]},"_coverageSchema":"43e27e138ebf9cfc5966b082cf9a028302ed4184","hash":"ec40ff649c1f276f0b7cf2ec7c41fbd802b3a6ad"}
,"/home/rickbell/code/401/401JSCodeChallenges/code-challenges/cc1-linkedList/lib/newNode.js": {"path":"/home/rickbell/code/401/401JSCodeChallenges/code-challenges/cc1-linkedList/lib/newNode.js","statementMap":{"0":{"start":{"line":5,"column":8},"end":{"line":5,"column":27}},"1":{"start":{"line":6,"column":8},"end":{"line":6,"column":25}},"2":{"start":{"line":10,"column":0},"end":{"line":10,"column":22}}},"fnMap":{"0":{"name":"(anonymous_0)","decl":{"start":{"line":4,"column":4},"end":{"line":4,"column":5}},"loc":{"start":{"line":4,"column":22},"end":{"line":7,"column":5}},"line":4}},"branchMap":{},"s":{"0":10,"1":10,"2":1},"f":{"0":10},"b":{},"_coverageSchema":"43e27e138ebf9cfc5966b082cf9a028302ed4184","hash":"1f8f50810fddd002e0bf5390cf0a9922e32099d7"}
}
