TN:
SF:/home/rickbell/code/401/401JSCodeChallenges/code-challenges/cc1-linkedList/lib/linked-list.js
FN:6,(anonymous_0)
FN:9,(anonymous_1)
FN:23,(anonymous_2)
FN:45,(anonymous_3)
FN:60,(anonymous_4)
FNF:5
FNH:5
FNDA:1,(anonymous_0)
FNDA:5,(anonymous_1)
FNDA:2,(anonymous_2)
FNDA:2,(anonymous_3)
FNDA:1,(anonymous_4)
DA:3,1
DA:7,1
DA:10,5
DA:11,5
DA:12,5
DA:13,1
DA:14,1
DA:16,4
DA:17,4
DA:18,6
DA:20,4
DA:24,2
DA:25,2
DA:26,0
DA:27,0
DA:29,2
DA:30,2
DA:31,1
DA:32,1
DA:33,1
DA:35,1
DA:36,0
DA:38,1
DA:39,1
DA:40,1
DA:46,2
DA:47,2
DA:48,0
DA:49,0
DA:51,2
DA:52,2
DA:53,7
DA:55,2
DA:56,2
DA:57,2
DA:61,1
DA:62,1
DA:63,8
DA:65,1
DA:69,1
LF:40
LH:35
BRDA:12,0,0,1
BRDA:12,0,1,4
BRDA:25,1,0,0
BRDA:25,1,1,2
BRDA:30,2,0,1
BRDA:30,2,1,1
BRDA:47,3,0,0
BRDA:47,3,1,2
BRF:8
BRH:6
end_of_record
TN:
SF:/home/rickbell/code/401/401JSCodeChallenges/code-challenges/cc1-linkedList/lib/newNode.js
FN:4,(anonymous_0)
FNF:1
FNH:1
FNDA:10,(anonymous_0)
DA:5,10
DA:6,10
DA:10,1
LF:3
LH:3
BRF:0
BRH:0
end_of_record
