TN:
SF:/home/rickbell/code/401/401JSCodeChallenges/code-challenges/stacksAndQueues/lib/newNode.js
FN:4,(anonymous_0)
FNF:1
FNH:1
FNDA:9,(anonymous_0)
DA:5,9
DA:6,9
DA:10,1
LF:3
LH:3
BRF:0
BRH:0
end_of_record
TN:
SF:/home/rickbell/code/401/401JSCodeChallenges/code-challenges/stacksAndQueues/lib/newQ.js
FN:5,(anonymous_0)
FN:9,(anonymous_1)
FN:19,(anonymous_2)
FN:28,(anonymous_3)
FNF:4
FNH:4
FNDA:1,(anonymous_0)
FNDA:3,(anonymous_1)
FNDA:4,(anonymous_2)
FNDA:1,(anonymous_3)
DA:2,1
DA:6,1
DA:7,1
DA:10,3
DA:11,3
DA:12,1
DA:13,1
DA:15,2
DA:16,2
DA:20,4
DA:21,4
DA:22,1
DA:24,3
DA:25,3
DA:29,1
DA:30,0
DA:32,1
DA:37,1
LF:18
LH:17
BRDA:11,0,0,1
BRDA:11,0,1,2
BRDA:21,1,0,1
BRDA:21,1,1,3
BRDA:29,2,0,0
BRDA:29,2,1,1
BRF:6
BRH:5
end_of_record
TN:
SF:/home/rickbell/code/401/401JSCodeChallenges/code-challenges/stacksAndQueues/lib/newStack.js
FN:6,(anonymous_0)
FN:9,(anonymous_1)
FN:14,(anonymous_2)
FN:20,(anonymous_3)
FNF:4
FNH:4
FNDA:1,(anonymous_0)
FNDA:5,(anonymous_1)
FNDA:3,(anonymous_2)
FNDA:2,(anonymous_3)
DA:3,1
DA:7,1
DA:10,5
DA:11,5
DA:12,5
DA:15,3
DA:16,3
DA:17,3
DA:18,3
DA:21,2
DA:22,1
DA:24,1
DA:29,1
LF:13
LH:13
BRDA:21,0,0,1
BRDA:21,0,1,1
BRF:2
BRH:2
end_of_record
