{"/home/rick-bell/code/401/code-challenges/401JSCodeChallenges/code-challenges/tree/lib/newBST.js": {"path":"/home/rick-bell/code/401/code-challenges/401JSCodeChallenges/code-challenges/tree/lib/newBST.js","statementMap":{"0":{"start":{"line":3,"column":13},"end":{"line":3,"column":33}},"1":{"start":{"line":7,"column":8},"end":{"line":7,"column":59}},"2":{"start":{"line":16,"column":8},"end":{"line":18,"column":9}},"3":{"start":{"line":17,"column":10},"end":{"line":17,"column":45}},"4":{"start":{"line":19,"column":8},"end":{"line":23,"column":9}},"5":{"start":{"line":20,"column":12},"end":{"line":20,"column":94}},"6":{"start":{"line":21,"column":14},"end":{"line":23,"column":9}},"7":{"start":{"line":22,"column":12},"end":{"line":22,"column":97}},"8":{"start":{"line":24,"column":8},"end":{"line":24,"column":15}},"9":{"start":{"line":27,"column":7},"end":{"line":31,"column":8}},"10":{"start":{"line":28,"column":11},"end":{"line":28,"column":51}},"11":{"start":{"line":30,"column":11},"end":{"line":30,"column":38}},"12":{"start":{"line":36,"column":0},"end":{"line":36,"column":21}}},"fnMap":{"0":{"name":"(anonymous_0)","decl":{"start":{"line":6,"column":4},"end":{"line":6,"column":5}},"loc":{"start":{"line":6,"column":27},"end":{"line":13,"column":5}},"line":6},"1":{"name":"(anonymous_1)","decl":{"start":{"line":15,"column":4},"end":{"line":15,"column":5}},"loc":{"start":{"line":15,"column":33},"end":{"line":25,"column":5}},"line":15},"2":{"name":"(anonymous_2)","decl":{"start":{"line":26,"column":4},"end":{"line":26,"column":5}},"loc":{"start":{"line":26,"column":21},"end":{"line":33,"column":5}},"line":26}},"branchMap":{"0":{"loc":{"start":{"line":7,"column":20},"end":{"line":7,"column":58}},"type":"cond-expr","locations":[{"start":{"line":7,"column":32},"end":{"line":7,"column":51}},{"start":{"line":7,"column":54},"end":{"line":7,"column":58}}],"line":7},"1":{"loc":{"start":{"line":16,"column":8},"end":{"line":18,"column":9}},"type":"if","locations":[{"start":{"line":16,"column":8},"end":{"line":18,"column":9}},{"start":{"line":16,"column":8},"end":{"line":18,"column":9}}],"line":16},"2":{"loc":{"start":{"line":19,"column":8},"end":{"line":23,"column":9}},"type":"if","locations":[{"start":{"line":19,"column":8},"end":{"line":23,"column":9}},{"start":{"line":19,"column":8},"end":{"line":23,"column":9}}],"line":19},"3":{"loc":{"start":{"line":20,"column":12},"end":{"line":20,"column":93}},"type":"cond-expr","locations":[{"start":{"line":20,"column":24},"end":{"line":20,"column":63}},{"start":{"line":20,"column":66},"end":{"line":20,"column":93}}],"line":20},"4":{"loc":{"start":{"line":21,"column":14},"end":{"line":23,"column":9}},"type":"if","locations":[{"start":{"line":21,"column":14},"end":{"line":23,"column":9}},{"start":{"line":21,"column":14},"end":{"line":23,"column":9}}],"line":21},"5":{"loc":{"start":{"line":22,"column":12},"end":{"line":22,"column":96}},"type":"cond-expr","locations":[{"start":{"line":22,"column":25},"end":{"line":22,"column":65}},{"start":{"line":22,"column":68},"end":{"line":22,"column":96}}],"line":22},"6":{"loc":{"start":{"line":27,"column":7},"end":{"line":31,"column":8}},"type":"if","locations":[{"start":{"line":27,"column":7},"end":{"line":31,"column":8}},{"start":{"line":27,"column":7},"end":{"line":31,"column":8}}],"line":27}},"s":{"0":1,"1":3,"2":5,"3":1,"4":4,"5":1,"6":3,"7":3,"8":4,"9":5,"10":4,"11":1,"12":1},"f":{"0":3,"1":5,"2":5},"b":{"0":[1,2],"1":[1,4],"2":[1,3],"3":[0,1],"4":[3,0],"5":[1,2],"6":[4,1]},"_coverageSchema":"43e27e138ebf9cfc5966b082cf9a028302ed4184","hash":"bf9c8b58f42ed0d7fe2ab38e41cf0b88326d37c4"}
,"/home/rick-bell/code/401/code-challenges/401JSCodeChallenges/code-challenges/tree/lib/newBinaryTree.js": {"path":"/home/rick-bell/code/401/code-challenges/401JSCodeChallenges/code-challenges/tree/lib/newBinaryTree.js","statementMap":{"0":{"start":{"line":3,"column":13},"end":{"line":3,"column":33}},"1":{"start":{"line":7,"column":4},"end":{"line":11,"column":5}},"2":{"start":{"line":8,"column":6},"end":{"line":8,"column":23}},"3":{"start":{"line":10,"column":6},"end":{"line":10,"column":28}},"4":{"start":{"line":15,"column":17},"end":{"line":15,"column":19}},"5":{"start":{"line":16,"column":4},"end":{"line":16,"column":43}},"6":{"start":{"line":17,"column":4},"end":{"line":17,"column":18}},"7":{"start":{"line":21,"column":4},"end":{"line":23,"column":5}},"8":{"start":{"line":22,"column":6},"end":{"line":22,"column":13}},"9":{"start":{"line":25,"column":4},"end":{"line":25,"column":28}},"10":{"start":{"line":26,"column":4},"end":{"line":26,"column":43}},"11":{"start":{"line":27,"column":4},"end":{"line":27,"column":44}},"12":{"start":{"line":28,"column":4},"end":{"line":28,"column":15}},"13":{"start":{"line":32,"column":17},"end":{"line":32,"column":19}},"14":{"start":{"line":33,"column":4},"end":{"line":33,"column":42}},"15":{"start":{"line":34,"column":4},"end":{"line":34,"column":18}},"16":{"start":{"line":38,"column":4},"end":{"line":40,"column":5}},"17":{"start":{"line":39,"column":6},"end":{"line":39,"column":13}},"18":{"start":{"line":42,"column":4},"end":{"line":42,"column":42}},"19":{"start":{"line":43,"column":4},"end":{"line":43,"column":28}},"20":{"start":{"line":44,"column":4},"end":{"line":44,"column":43}},"21":{"start":{"line":45,"column":4},"end":{"line":45,"column":15}},"22":{"start":{"line":49,"column":17},"end":{"line":49,"column":19}},"23":{"start":{"line":50,"column":4},"end":{"line":50,"column":44}},"24":{"start":{"line":51,"column":4},"end":{"line":51,"column":18}},"25":{"start":{"line":55,"column":4},"end":{"line":57,"column":5}},"26":{"start":{"line":56,"column":6},"end":{"line":56,"column":13}},"27":{"start":{"line":59,"column":4},"end":{"line":59,"column":44}},"28":{"start":{"line":60,"column":4},"end":{"line":60,"column":45}},"29":{"start":{"line":61,"column":4},"end":{"line":61,"column":28}},"30":{"start":{"line":62,"column":4},"end":{"line":62,"column":15}},"31":{"start":{"line":66,"column":0},"end":{"line":66,"column":28}}},"fnMap":{"0":{"name":"(anonymous_0)","decl":{"start":{"line":6,"column":2},"end":{"line":6,"column":3}},"loc":{"start":{"line":6,"column":25},"end":{"line":12,"column":3}},"line":6},"1":{"name":"(anonymous_1)","decl":{"start":{"line":14,"column":2},"end":{"line":14,"column":3}},"loc":{"start":{"line":14,"column":12},"end":{"line":18,"column":3}},"line":14},"2":{"name":"(anonymous_2)","decl":{"start":{"line":19,"column":2},"end":{"line":19,"column":3}},"loc":{"start":{"line":19,"column":30},"end":{"line":29,"column":3}},"line":19},"3":{"name":"(anonymous_3)","decl":{"start":{"line":31,"column":2},"end":{"line":31,"column":3}},"loc":{"start":{"line":31,"column":11},"end":{"line":35,"column":3}},"line":31},"4":{"name":"(anonymous_4)","decl":{"start":{"line":36,"column":2},"end":{"line":36,"column":3}},"loc":{"start":{"line":36,"column":29},"end":{"line":46,"column":3}},"line":36},"5":{"name":"(anonymous_5)","decl":{"start":{"line":48,"column":2},"end":{"line":48,"column":3}},"loc":{"start":{"line":48,"column":13},"end":{"line":52,"column":3}},"line":48},"6":{"name":"(anonymous_6)","decl":{"start":{"line":53,"column":2},"end":{"line":53,"column":3}},"loc":{"start":{"line":53,"column":31},"end":{"line":63,"column":3}},"line":53}},"branchMap":{"0":{"loc":{"start":{"line":7,"column":4},"end":{"line":11,"column":5}},"type":"if","locations":[{"start":{"line":7,"column":4},"end":{"line":11,"column":5}},{"start":{"line":7,"column":4},"end":{"line":11,"column":5}}],"line":7},"1":{"loc":{"start":{"line":21,"column":4},"end":{"line":23,"column":5}},"type":"if","locations":[{"start":{"line":21,"column":4},"end":{"line":23,"column":5}},{"start":{"line":21,"column":4},"end":{"line":23,"column":5}}],"line":21},"2":{"loc":{"start":{"line":38,"column":4},"end":{"line":40,"column":5}},"type":"if","locations":[{"start":{"line":38,"column":4},"end":{"line":40,"column":5}},{"start":{"line":38,"column":4},"end":{"line":40,"column":5}}],"line":38},"3":{"loc":{"start":{"line":55,"column":4},"end":{"line":57,"column":5}},"type":"if","locations":[{"start":{"line":55,"column":4},"end":{"line":57,"column":5}},{"start":{"line":55,"column":4},"end":{"line":57,"column":5}}],"line":55}},"s":{"0":1,"1":3,"2":2,"3":1,"4":1,"5":1,"6":1,"7":7,"8":4,"9":3,"10":3,"11":3,"12":3,"13":1,"14":1,"15":1,"16":7,"17":4,"18":3,"19":3,"20":3,"21":3,"22":1,"23":1,"24":1,"25":7,"26":4,"27":3,"28":3,"29":3,"30":3,"31":1},"f":{"0":3,"1":1,"2":7,"3":1,"4":7,"5":1,"6":7},"b":{"0":[2,1],"1":[4,3],"2":[4,3],"3":[4,3]},"_coverageSchema":"43e27e138ebf9cfc5966b082cf9a028302ed4184","hash":"05cab9206581c812ab748aa75724ecec141f24b5"}
,"/home/rick-bell/code/401/code-challenges/401JSCodeChallenges/code-challenges/tree/lib/newNode.js": {"path":"/home/rick-bell/code/401/code-challenges/401JSCodeChallenges/code-challenges/tree/lib/newNode.js","statementMap":{"0":{"start":{"line":5,"column":8},"end":{"line":5,"column":27}},"1":{"start":{"line":6,"column":8},"end":{"line":6,"column":25}},"2":{"start":{"line":7,"column":8},"end":{"line":7,"column":26}},"3":{"start":{"line":11,"column":0},"end":{"line":11,"column":22}}},"fnMap":{"0":{"name":"(anonymous_0)","decl":{"start":{"line":4,"column":4},"end":{"line":4,"column":5}},"loc":{"start":{"line":4,"column":22},"end":{"line":8,"column":5}},"line":4}},"branchMap":{},"s":{"0":11,"1":11,"2":11,"3":2},"f":{"0":11},"b":{},"_coverageSchema":"43e27e138ebf9cfc5966b082cf9a028302ed4184","hash":"4b065322734fe9916ea8877c2737de313bf6ba86"}
}
