TN:
SF:/mnt/c/Users/RellikDog/cf/401/401JSCodeChallenges/code-challenges/tree/lib/newBinaryTree.js
FN:6,(anonymous_0)
FN:14,(anonymous_1)
FN:19,(anonymous_2)
FN:31,(anonymous_3)
FN:36,(anonymous_4)
FN:48,(anonymous_5)
FN:53,(anonymous_6)
FNF:7
FNH:7
FNDA:3,(anonymous_0)
FNDA:1,(anonymous_1)
FNDA:7,(anonymous_2)
FNDA:1,(anonymous_3)
FNDA:7,(anonymous_4)
FNDA:1,(anonymous_5)
FNDA:7,(anonymous_6)
DA:3,1
DA:7,3
DA:8,2
DA:10,1
DA:15,1
DA:16,1
DA:17,1
DA:21,7
DA:22,4
DA:25,3
DA:26,3
DA:27,3
DA:28,3
DA:32,1
DA:33,1
DA:34,1
DA:38,7
DA:39,4
DA:42,3
DA:43,3
DA:44,3
DA:45,3
DA:49,1
DA:50,1
DA:51,1
DA:55,7
DA:56,4
DA:59,3
DA:60,3
DA:61,3
DA:62,3
DA:66,1
LF:32
LH:32
BRDA:7,0,0,2
BRDA:7,0,1,1
BRDA:21,1,0,4
BRDA:21,1,1,3
BRDA:38,2,0,4
BRDA:38,2,1,3
BRDA:55,3,0,4
BRDA:55,3,1,3
BRF:8
BRH:8
end_of_record
TN:
SF:/mnt/c/Users/RellikDog/cf/401/401JSCodeChallenges/code-challenges/tree/lib/newNode.js
FN:4,(anonymous_0)
FNF:1
FNH:1
FNDA:6,(anonymous_0)
DA:5,6
DA:6,6
DA:7,6
DA:11,1
LF:4
LH:4
BRF:0
BRH:0
end_of_record
