<?xml version="1.0" encoding="UTF-8"?>
<coverage generated="1557007378003" clover="3.2.0">
  <project timestamp="1557007378003" name="All files">
    <metrics statements="41" coveredstatements="39" conditionals="12" coveredconditionals="10" methods="7" coveredmethods="7" elements="60" coveredelements="56" complexity="0" loc="41" ncloc="41" packages="1" files="3" classes="3"/>
    <file name="BinaryTree.js" path="/home/rickbell/code/401/401JSCodeChallenges/code-challenges/cc18-find-maximum-value/lib/BinaryTree.js">
      <metrics statements="21" coveredstatements="20" conditionals="8" coveredconditionals="7" methods="3" coveredmethods="3"/>
      <line num="4" count="1" type="stmt"/>
      <line num="7" count="1" type="stmt"/>
      <line num="10" count="1" type="stmt"/>
      <line num="11" count="1" type="stmt"/>
      <line num="12" count="1" type="cond" truecount="1" falsecount="1"/>
      <line num="13" count="1" type="stmt"/>
      <line num="14" count="1" type="stmt"/>
      <line num="15" count="8" type="cond" truecount="2" falsecount="0"/>
      <line num="16" count="4" type="stmt"/>
      <line num="18" count="8" type="cond" truecount="2" falsecount="0"/>
      <line num="19" count="3" type="stmt"/>
      <line num="21" count="8" type="stmt"/>
      <line num="23" count="1" type="stmt"/>
      <line num="25" count="0" type="stmt"/>
      <line num="29" count="1" type="stmt"/>
      <line num="30" count="1" type="stmt"/>
      <line num="31" count="1" type="stmt"/>
      <line num="32" count="8" type="cond" truecount="2" falsecount="0"/>
      <line num="33" count="4" type="stmt"/>
      <line num="36" count="1" type="stmt"/>
      <line num="39" count="1" type="stmt"/>
    </file>
    <file name="newNode.js" path="/home/rickbell/code/401/401JSCodeChallenges/code-challenges/cc18-find-maximum-value/lib/newNode.js">
      <metrics statements="5" coveredstatements="5" conditionals="0" coveredconditionals="0" methods="1" coveredmethods="1"/>
      <line num="5" count="8" type="stmt"/>
      <line num="6" count="8" type="stmt"/>
      <line num="7" count="8" type="stmt"/>
      <line num="8" count="8" type="stmt"/>
      <line num="12" count="1" type="stmt"/>
    </file>
    <file name="newQueue.js" path="/home/rickbell/code/401/401JSCodeChallenges/code-challenges/cc18-find-maximum-value/lib/newQueue.js">
      <metrics statements="15" coveredstatements="14" conditionals="4" coveredconditionals="3" methods="3" coveredmethods="3"/>
      <line num="5" count="1" type="stmt"/>
      <line num="6" count="1" type="stmt"/>
      <line num="9" count="8" type="stmt"/>
      <line num="10" count="8" type="cond" truecount="2" falsecount="0"/>
      <line num="11" count="1" type="stmt"/>
      <line num="12" count="1" type="stmt"/>
      <line num="14" count="7" type="stmt"/>
      <line num="15" count="7" type="stmt"/>
      <line num="19" count="8" type="stmt"/>
      <line num="20" count="8" type="cond" truecount="1" falsecount="1"/>
      <line num="21" count="0" type="stmt"/>
      <line num="23" count="8" type="stmt"/>
      <line num="24" count="8" type="stmt"/>
      <line num="25" count="8" type="stmt"/>
      <line num="30" count="1" type="stmt"/>
    </file>
  </project>
</coverage>
