TN:
SF:/home/rickbell/code/401/401JSCodeChallenges/code-challenges/cc18-find-maximum-value/lib/BinaryTree.js
FN:6,(anonymous_0)
FN:9,(anonymous_1)
FN:28,(anonymous_2)
FNF:3
FNH:3
FNDA:1,(anonymous_0)
FNDA:1,(anonymous_1)
FNDA:1,(anonymous_2)
DA:4,1
DA:7,1
DA:10,1
DA:11,1
DA:12,1
DA:13,1
DA:14,1
DA:15,8
DA:16,4
DA:18,8
DA:19,3
DA:21,8
DA:23,1
DA:25,0
DA:29,1
DA:30,1
DA:31,1
DA:32,8
DA:33,4
DA:36,1
DA:39,1
LF:21
LH:20
BRDA:12,0,0,1
BRDA:12,0,1,0
BRDA:15,1,0,4
BRDA:15,1,1,4
BRDA:18,2,0,3
BRDA:18,2,1,5
BRDA:32,3,0,4
BRDA:32,3,1,4
BRF:8
BRH:7
end_of_record
TN:
SF:/home/rickbell/code/401/401JSCodeChallenges/code-challenges/cc18-find-maximum-value/lib/newNode.js
FN:4,(anonymous_0)
FNF:1
FNH:1
FNDA:8,(anonymous_0)
DA:5,8
DA:6,8
DA:7,8
DA:8,8
DA:12,1
LF:5
LH:5
BRF:0
BRH:0
end_of_record
TN:
SF:/home/rickbell/code/401/401JSCodeChallenges/code-challenges/cc18-find-maximum-value/lib/newQueue.js
FN:4,(anonymous_0)
FN:8,(anonymous_1)
FN:18,(anonymous_2)
FNF:3
FNH:3
FNDA:1,(anonymous_0)
FNDA:8,(anonymous_1)
FNDA:8,(anonymous_2)
DA:5,1
DA:6,1
DA:9,8
DA:10,8
DA:11,1
DA:12,1
DA:14,7
DA:15,7
DA:19,8
DA:20,8
DA:21,0
DA:23,8
DA:24,8
DA:25,8
DA:30,1
LF:15
LH:14
BRDA:10,0,0,1
BRDA:10,0,1,7
BRDA:20,1,0,0
BRDA:20,1,1,8
BRF:4
BRH:3
end_of_record
