<?xml version="1.0" encoding="UTF-8"?>
<coverage generated="1554068569944" clover="3.2.0">
  <project timestamp="1554068569944" name="All files">
    <metrics statements="29" coveredstatements="29" conditionals="10" coveredconditionals="10" methods="4" coveredmethods="4" elements="43" coveredelements="43" complexity="0" loc="29" ncloc="29" packages="2" files="3" classes="3"/>
    <package name="cc8-ll_merge">
      <metrics statements="15" coveredstatements="15" conditionals="8" coveredconditionals="8" methods="1" coveredmethods="1"/>
      <file name="ll-merge.js" path="/home/rickbell/code/401/401JSCodeChallenges/code-challenges/cc8-ll_merge/ll-merge.js">
        <metrics statements="15" coveredstatements="15" conditionals="8" coveredconditionals="8" methods="1" coveredmethods="1"/>
        <line num="3" count="1" type="stmt"/>
        <line num="4" count="1" type="stmt"/>
        <line num="7" count="4" type="cond" truecount="4" falsecount="0"/>
        <line num="8" count="3" type="stmt"/>
        <line num="9" count="3" type="stmt"/>
        <line num="10" count="3" type="cond" truecount="2" falsecount="0"/>
        <line num="11" count="6" type="stmt"/>
        <line num="12" count="6" type="stmt"/>
        <line num="13" count="6" type="stmt"/>
        <line num="14" count="6" type="cond" truecount="2" falsecount="0"/>
        <line num="15" count="4" type="stmt"/>
        <line num="17" count="6" type="stmt"/>
        <line num="18" count="6" type="stmt"/>
        <line num="21" count="1" type="stmt"/>
        <line num="25" count="1" type="stmt"/>
      </file>
    </package>
    <package name="cc8-ll_merge.lib">
      <metrics statements="14" coveredstatements="14" conditionals="2" coveredconditionals="2" methods="3" coveredmethods="3"/>
      <file name="linkedList.js" path="/home/rickbell/code/401/401JSCodeChallenges/code-challenges/cc8-ll_merge/lib/linkedList.js">
        <metrics statements="11" coveredstatements="11" conditionals="2" coveredconditionals="2" methods="2" coveredmethods="2"/>
        <line num="3" count="1" type="stmt"/>
        <line num="7" count="9" type="stmt"/>
        <line num="10" count="17" type="stmt"/>
        <line num="11" count="17" type="stmt"/>
        <line num="12" count="17" type="cond" truecount="2" falsecount="0"/>
        <line num="13" count="7" type="stmt"/>
        <line num="15" count="10" type="stmt"/>
        <line num="16" count="10" type="stmt"/>
        <line num="17" count="6" type="stmt"/>
        <line num="19" count="10" type="stmt"/>
        <line num="24" count="1" type="stmt"/>
      </file>
      <file name="newNode.js" path="/home/rickbell/code/401/401JSCodeChallenges/code-challenges/cc8-ll_merge/lib/newNode.js">
        <metrics statements="3" coveredstatements="3" conditionals="0" coveredconditionals="0" methods="1" coveredmethods="1"/>
        <line num="5" count="18" type="stmt"/>
        <line num="6" count="18" type="stmt"/>
        <line num="10" count="1" type="stmt"/>
      </file>
    </package>
  </project>
</coverage>
