{"/home/rickbell/code/401/401JSCodeChallenges/code-challenges/cc8-ll_merge/ll-merge.js": {"path":"/home/rickbell/code/401/401JSCodeChallenges/code-challenges/cc8-ll_merge/ll-merge.js","statementMap":{"0":{"start":{"line":3,"column":13},"end":{"line":3,"column":37}},"1":{"start":{"line":4,"column":19},"end":{"line":4,"column":46}},"2":{"start":{"line":7,"column":4},"end":{"line":22,"column":5}},"3":{"start":{"line":8,"column":21},"end":{"line":8,"column":29}},"4":{"start":{"line":9,"column":21},"end":{"line":9,"column":29}},"5":{"start":{"line":10,"column":8},"end":{"line":19,"column":9}},"6":{"start":{"line":11,"column":22},"end":{"line":11,"column":33}},"7":{"start":{"line":12,"column":23},"end":{"line":12,"column":34}},"8":{"start":{"line":13,"column":12},"end":{"line":13,"column":33}},"9":{"start":{"line":14,"column":12},"end":{"line":16,"column":13}},"10":{"start":{"line":15,"column":16},"end":{"line":15,"column":34}},"11":{"start":{"line":17,"column":12},"end":{"line":17,"column":25}},"12":{"start":{"line":18,"column":12},"end":{"line":18,"column":26}},"13":{"start":{"line":21,"column":8},"end":{"line":21,"column":57}},"14":{"start":{"line":25,"column":0},"end":{"line":25,"column":25}}},"fnMap":{"0":{"name":"mergeLL","decl":{"start":{"line":6,"column":9},"end":{"line":6,"column":16}},"loc":{"start":{"line":6,"column":26},"end":{"line":23,"column":1}},"line":6}},"branchMap":{"0":{"loc":{"start":{"line":7,"column":4},"end":{"line":22,"column":5}},"type":"if","locations":[{"start":{"line":7,"column":4},"end":{"line":22,"column":5}},{"start":{"line":7,"column":4},"end":{"line":22,"column":5}}],"line":7},"1":{"loc":{"start":{"line":7,"column":7},"end":{"line":7,"column":27}},"type":"binary-expr","locations":[{"start":{"line":7,"column":7},"end":{"line":7,"column":15}},{"start":{"line":7,"column":19},"end":{"line":7,"column":27}}],"line":7},"2":{"loc":{"start":{"line":10,"column":14},"end":{"line":10,"column":30}},"type":"binary-expr","locations":[{"start":{"line":10,"column":14},"end":{"line":10,"column":20}},{"start":{"line":10,"column":24},"end":{"line":10,"column":30}}],"line":10},"3":{"loc":{"start":{"line":14,"column":12},"end":{"line":16,"column":13}},"type":"if","locations":[{"start":{"line":14,"column":12},"end":{"line":16,"column":13}},{"start":{"line":14,"column":12},"end":{"line":16,"column":13}}],"line":14}},"s":{"0":1,"1":1,"2":4,"3":3,"4":3,"5":3,"6":6,"7":6,"8":6,"9":6,"10":4,"11":6,"12":6,"13":1,"14":1},"f":{"0":4},"b":{"0":[3,1],"1":[4,3],"2":[9,7],"3":[4,2]},"_coverageSchema":"43e27e138ebf9cfc5966b082cf9a028302ed4184","hash":"2e6e14d299fd208630da4876b1d208544fd8cab8"}
,"/home/rickbell/code/401/401JSCodeChallenges/code-challenges/cc8-ll_merge/lib/linkedList.js": {"path":"/home/rickbell/code/401/401JSCodeChallenges/code-challenges/cc8-ll_merge/lib/linkedList.js","statementMap":{"0":{"start":{"line":3,"column":13},"end":{"line":3,"column":33}},"1":{"start":{"line":7,"column":8},"end":{"line":7,"column":25}},"2":{"start":{"line":10,"column":24},"end":{"line":10,"column":39}},"3":{"start":{"line":11,"column":8},"end":{"line":11,"column":28}},"4":{"start":{"line":12,"column":8},"end":{"line":20,"column":9}},"5":{"start":{"line":13,"column":12},"end":{"line":13,"column":32}},"6":{"start":{"line":15,"column":26},"end":{"line":15,"column":35}},"7":{"start":{"line":16,"column":12},"end":{"line":18,"column":13}},"8":{"start":{"line":17,"column":16},"end":{"line":17,"column":39}},"9":{"start":{"line":19,"column":12},"end":{"line":19,"column":35}},"10":{"start":{"line":24,"column":0},"end":{"line":24,"column":28}}},"fnMap":{"0":{"name":"(anonymous_0)","decl":{"start":{"line":6,"column":4},"end":{"line":6,"column":5}},"loc":{"start":{"line":6,"column":17},"end":{"line":8,"column":5}},"line":6},"1":{"name":"(anonymous_1)","decl":{"start":{"line":9,"column":4},"end":{"line":9,"column":5}},"loc":{"start":{"line":9,"column":23},"end":{"line":21,"column":5}},"line":9}},"branchMap":{"0":{"loc":{"start":{"line":12,"column":8},"end":{"line":20,"column":9}},"type":"if","locations":[{"start":{"line":12,"column":8},"end":{"line":20,"column":9}},{"start":{"line":12,"column":8},"end":{"line":20,"column":9}}],"line":12}},"s":{"0":1,"1":9,"2":17,"3":17,"4":17,"5":7,"6":10,"7":10,"8":6,"9":10,"10":1},"f":{"0":9,"1":17},"b":{"0":[7,10]},"_coverageSchema":"43e27e138ebf9cfc5966b082cf9a028302ed4184","hash":"aaaeb193d832e52d6fd0584766a54ab0e890a633"}
,"/home/rickbell/code/401/401JSCodeChallenges/code-challenges/cc8-ll_merge/lib/newNode.js": {"path":"/home/rickbell/code/401/401JSCodeChallenges/code-challenges/cc8-ll_merge/lib/newNode.js","statementMap":{"0":{"start":{"line":5,"column":8},"end":{"line":5,"column":27}},"1":{"start":{"line":6,"column":8},"end":{"line":6,"column":25}},"2":{"start":{"line":10,"column":0},"end":{"line":10,"column":22}}},"fnMap":{"0":{"name":"(anonymous_0)","decl":{"start":{"line":4,"column":4},"end":{"line":4,"column":5}},"loc":{"start":{"line":4,"column":22},"end":{"line":7,"column":5}},"line":4}},"branchMap":{},"s":{"0":18,"1":18,"2":1},"f":{"0":18},"b":{},"_coverageSchema":"43e27e138ebf9cfc5966b082cf9a028302ed4184","hash":"419610d7386867b343741eae94eedbe0d6e6ea4b"}
}
