TN:
SF:/home/rickbell/code/401/401JSCodeChallenges/code-challenges/cc8-ll_merge/ll-merge.js
FN:6,mergeLL
FNF:1
FNH:1
FNDA:4,mergeLL
DA:3,1
DA:4,1
DA:7,4
DA:8,3
DA:9,3
DA:10,3
DA:11,6
DA:12,6
DA:13,6
DA:14,6
DA:15,4
DA:17,6
DA:18,6
DA:21,1
DA:25,1
LF:15
LH:15
BRDA:7,0,0,3
BRDA:7,0,1,1
BRDA:7,1,0,4
BRDA:7,1,1,3
BRDA:10,2,0,9
BRDA:10,2,1,7
BRDA:14,3,0,4
BRDA:14,3,1,2
BRF:8
BRH:8
end_of_record
TN:
SF:/home/rickbell/code/401/401JSCodeChallenges/code-challenges/cc8-ll_merge/lib/linkedList.js
FN:6,(anonymous_0)
FN:9,(anonymous_1)
FNF:2
FNH:2
FNDA:9,(anonymous_0)
FNDA:17,(anonymous_1)
DA:3,1
DA:7,9
DA:10,17
DA:11,17
DA:12,17
DA:13,7
DA:15,10
DA:16,10
DA:17,6
DA:19,10
DA:24,1
LF:11
LH:11
BRDA:12,0,0,7
BRDA:12,0,1,10
BRF:2
BRH:2
end_of_record
TN:
SF:/home/rickbell/code/401/401JSCodeChallenges/code-challenges/cc8-ll_merge/lib/newNode.js
FN:4,(anonymous_0)
FNF:1
FNH:1
FNDA:18,(anonymous_0)
DA:5,18
DA:6,18
DA:10,1
LF:3
LH:3
BRF:0
BRH:0
end_of_record
