TN:
SF:/home/rickbell/code/401/401JSCodeChallenges/code-challenges/cc8-ll_merge/ll-merge.js
FN:6,mergeLL
FNF:1
FNH:1
FNDA:1,mergeLL
DA:3,1
DA:4,1
DA:7,1
DA:8,1
DA:9,1
DA:10,3
DA:11,3
DA:12,3
DA:13,3
DA:14,3
DA:15,3
DA:19,1
LF:12
LH:12
BRDA:9,0,0,4
BRDA:9,0,1,3
BRF:2
BRH:2
end_of_record
TN:
SF:/home/rickbell/code/401/401JSCodeChallenges/code-challenges/cc8-ll_merge/lib/linkedList.js
FN:6,(anonymous_0)
FN:9,(anonymous_1)
FNF:2
FNH:2
FNDA:3,(anonymous_0)
FNDA:6,(anonymous_1)
DA:3,1
DA:7,3
DA:10,6
DA:11,6
DA:12,6
DA:13,2
DA:15,4
DA:16,4
DA:17,2
DA:19,4
DA:24,1
LF:11
LH:11
BRDA:12,0,0,2
BRDA:12,0,1,4
BRF:2
BRH:2
end_of_record
TN:
SF:/home/rickbell/code/401/401JSCodeChallenges/code-challenges/cc8-ll_merge/lib/newNode.js
FN:4,(anonymous_0)
FNF:1
FNH:1
FNDA:7,(anonymous_0)
DA:5,7
DA:6,7
DA:10,1
LF:3
LH:3
BRF:0
BRH:0
end_of_record
