<?xml version="1.0" encoding="UTF-8"?>
<coverage generated="1554596995894" clover="3.2.0">
  <project timestamp="1554596995894" name="All files">
    <metrics statements="32" coveredstatements="29" conditionals="6" coveredconditionals="3" methods="9" coveredmethods="8" elements="47" coveredelements="40" complexity="0" loc="32" ncloc="32" packages="2" files="3" classes="3"/>
    <package name="cc11-queueWithStacks">
      <metrics statements="16" coveredstatements="16" conditionals="4" coveredconditionals="3" methods="4" coveredmethods="4"/>
      <file name="queue-with-stacks.js" path="/home/rickbell/code/401/401JSCodeChallenges/code-challenges/cc11-queueWithStacks/queue-with-stacks.js">
        <metrics statements="16" coveredstatements="16" conditionals="4" coveredconditionals="3" methods="4" coveredmethods="4"/>
        <line num="3" count="1" type="stmt"/>
        <line num="4" count="1" type="stmt"/>
        <line num="8" count="1" type="stmt"/>
        <line num="9" count="1" type="stmt"/>
        <line num="12" count="3" type="stmt"/>
        <line num="15" count="1" type="stmt"/>
        <line num="16" count="3" type="stmt"/>
        <line num="19" count="1" type="cond" truecount="1" falsecount="1"/>
        <line num="20" count="1" type="stmt"/>
        <line num="22" count="1" type="stmt"/>
        <line num="23" count="2" type="stmt"/>
        <line num="25" count="1" type="stmt"/>
        <line num="28" count="3" type="cond" truecount="2" falsecount="0"/>
        <line num="29" count="2" type="stmt"/>
        <line num="31" count="1" type="stmt"/>
        <line num="36" count="1" type="stmt"/>
      </file>
    </package>
    <package name="cc11-queueWithStacks.lib">
      <metrics statements="16" coveredstatements="13" conditionals="2" coveredconditionals="0" methods="5" coveredmethods="4"/>
      <file name="newNode.js" path="/home/rickbell/code/401/401JSCodeChallenges/code-challenges/cc11-queueWithStacks/lib/newNode.js">
        <metrics statements="3" coveredstatements="3" conditionals="0" coveredconditionals="0" methods="1" coveredmethods="1"/>
        <line num="5" count="9" type="stmt"/>
        <line num="6" count="9" type="stmt"/>
        <line num="10" count="1" type="stmt"/>
      </file>
      <file name="newStack.js" path="/home/rickbell/code/401/401JSCodeChallenges/code-challenges/cc11-queueWithStacks/lib/newStack.js">
        <metrics statements="13" coveredstatements="10" conditionals="2" coveredconditionals="0" methods="4" coveredmethods="3"/>
        <line num="3" count="1" type="stmt"/>
        <line num="7" count="2" type="stmt"/>
        <line num="10" count="8" type="stmt"/>
        <line num="11" count="8" type="stmt"/>
        <line num="12" count="8" type="stmt"/>
        <line num="15" count="6" type="stmt"/>
        <line num="16" count="6" type="stmt"/>
        <line num="17" count="6" type="stmt"/>
        <line num="18" count="6" type="stmt"/>
        <line num="21" count="0" type="cond" truecount="0" falsecount="2"/>
        <line num="22" count="0" type="stmt"/>
        <line num="24" count="0" type="stmt"/>
        <line num="29" count="1" type="stmt"/>
      </file>
    </package>
  </project>
</coverage>
