TN:
SF:/home/rickbell/code/401/401JSCodeChallenges/code-challenges/cc11-queueWithStacks/queue-with-stacks.js
FN:7,(anonymous_0)
FN:11,(anonymous_1)
FN:14,(anonymous_2)
FN:27,(anonymous_3)
FNF:4
FNH:4
FNDA:1,(anonymous_0)
FNDA:3,(anonymous_1)
FNDA:1,(anonymous_2)
FNDA:3,(anonymous_3)
DA:3,1
DA:4,1
DA:8,1
DA:9,1
DA:12,3
DA:15,1
DA:16,3
DA:19,1
DA:20,1
DA:22,1
DA:23,2
DA:25,1
DA:28,3
DA:29,2
DA:31,1
DA:36,1
LF:16
LH:16
BRDA:19,0,0,1
BRDA:19,0,1,0
BRDA:28,1,0,2
BRDA:28,1,1,1
BRF:4
BRH:3
end_of_record
TN:
SF:/home/rickbell/code/401/401JSCodeChallenges/code-challenges/cc11-queueWithStacks/lib/newNode.js
FN:4,(anonymous_0)
FNF:1
FNH:1
FNDA:9,(anonymous_0)
DA:5,9
DA:6,9
DA:10,1
LF:3
LH:3
BRF:0
BRH:0
end_of_record
TN:
SF:/home/rickbell/code/401/401JSCodeChallenges/code-challenges/cc11-queueWithStacks/lib/newStack.js
FN:6,(anonymous_0)
FN:9,(anonymous_1)
FN:14,(anonymous_2)
FN:20,(anonymous_3)
FNF:4
FNH:3
FNDA:2,(anonymous_0)
FNDA:8,(anonymous_1)
FNDA:6,(anonymous_2)
FNDA:0,(anonymous_3)
DA:3,1
DA:7,2
DA:10,8
DA:11,8
DA:12,8
DA:15,6
DA:16,6
DA:17,6
DA:18,6
DA:21,0
DA:22,0
DA:24,0
DA:29,1
LF:13
LH:10
BRDA:21,0,0,0
BRDA:21,0,1,0
BRF:2
BRH:0
end_of_record
