<?xml version="1.0" encoding="UTF-8"?>
<coverage generated="1556238560413" clover="3.2.0">
  <project timestamp="1556238560413" name="All files">
    <metrics statements="39" coveredstatements="36" conditionals="10" coveredconditionals="8" methods="7" coveredmethods="6" elements="56" coveredelements="50" complexity="0" loc="39" ncloc="39" packages="1" files="4" classes="4"/>
    <file name="binaryTree.js" path="/home/rickbell/code/401/401JSCodeChallenges/code-challenges/cc17-breadthFirst/lib/binaryTree.js">
      <metrics statements="15" coveredstatements="15" conditionals="6" coveredconditionals="5" methods="2" coveredmethods="2"/>
      <line num="3" count="1" type="stmt"/>
      <line num="4" count="1" type="stmt"/>
      <line num="8" count="1" type="stmt"/>
      <line num="11" count="1" type="stmt"/>
      <line num="12" count="1" type="stmt"/>
      <line num="13" count="1" type="cond" truecount="1" falsecount="1"/>
      <line num="14" count="1" type="stmt"/>
      <line num="15" count="1" type="stmt"/>
      <line num="16" count="7" type="cond" truecount="2" falsecount="0"/>
      <line num="17" count="3" type="stmt"/>
      <line num="19" count="7" type="cond" truecount="2" falsecount="0"/>
      <line num="20" count="3" type="stmt"/>
      <line num="22" count="7" type="stmt"/>
      <line num="24" count="1" type="stmt"/>
      <line num="29" count="1" type="stmt"/>
    </file>
    <file name="newNode.js" path="/home/rickbell/code/401/401JSCodeChallenges/code-challenges/cc17-breadthFirst/lib/newNode.js">
      <metrics statements="5" coveredstatements="5" conditionals="0" coveredconditionals="0" methods="1" coveredmethods="1"/>
      <line num="5" count="7" type="stmt"/>
      <line num="6" count="7" type="stmt"/>
      <line num="7" count="7" type="stmt"/>
      <line num="8" count="7" type="stmt"/>
      <line num="12" count="1" type="stmt"/>
    </file>
    <file name="newQueue.js" path="/home/rickbell/code/401/401JSCodeChallenges/code-challenges/cc17-breadthFirst/lib/newQueue.js">
      <metrics statements="16" coveredstatements="15" conditionals="4" coveredconditionals="3" methods="3" coveredmethods="3"/>
      <line num="3" count="1" type="stmt"/>
      <line num="7" count="1" type="stmt"/>
      <line num="8" count="1" type="stmt"/>
      <line num="11" count="7" type="stmt"/>
      <line num="12" count="7" type="cond" truecount="2" falsecount="0"/>
      <line num="13" count="1" type="stmt"/>
      <line num="14" count="1" type="stmt"/>
      <line num="16" count="6" type="stmt"/>
      <line num="17" count="6" type="stmt"/>
      <line num="21" count="7" type="stmt"/>
      <line num="22" count="7" type="cond" truecount="1" falsecount="1"/>
      <line num="23" count="0" type="stmt"/>
      <line num="25" count="7" type="stmt"/>
      <line num="26" count="7" type="stmt"/>
      <line num="27" count="7" type="stmt"/>
      <line num="32" count="1" type="stmt"/>
    </file>
    <file name="qNode.js" path="/home/rickbell/code/401/401JSCodeChallenges/code-challenges/cc17-breadthFirst/lib/qNode.js">
      <metrics statements="3" coveredstatements="1" conditionals="0" coveredconditionals="0" methods="1" coveredmethods="0"/>
      <line num="5" count="0" type="stmt"/>
      <line num="6" count="0" type="stmt"/>
      <line num="10" count="1" type="stmt"/>
    </file>
  </project>
</coverage>
