{"/home/rickbell/code/401/401JSCodeChallenges/code-challenges/cc17-breadthFirst/lib/binaryTree.js": {"path":"/home/rickbell/code/401/401JSCodeChallenges/code-challenges/cc17-breadthFirst/lib/binaryTree.js","statementMap":{"0":{"start":{"line":4,"column":14},"end":{"line":4,"column":35}},"1":{"start":{"line":8,"column":4},"end":{"line":8,"column":21}},"2":{"start":{"line":11,"column":15},"end":{"line":11,"column":26}},"3":{"start":{"line":12,"column":22},"end":{"line":12,"column":24}},"4":{"start":{"line":13,"column":4},"end":{"line":27,"column":5}},"5":{"start":{"line":14,"column":6},"end":{"line":14,"column":30}},"6":{"start":{"line":15,"column":6},"end":{"line":23,"column":7}},"7":{"start":{"line":16,"column":8},"end":{"line":18,"column":9}},"8":{"start":{"line":17,"column":10},"end":{"line":17,"column":40}},"9":{"start":{"line":19,"column":8},"end":{"line":21,"column":9}},"10":{"start":{"line":20,"column":10},"end":{"line":20,"column":41}},"11":{"start":{"line":22,"column":8},"end":{"line":22,"column":41}},"12":{"start":{"line":24,"column":6},"end":{"line":24,"column":25}},"13":{"start":{"line":26,"column":6},"end":{"line":26,"column":29}},"14":{"start":{"line":31,"column":0},"end":{"line":31,"column":28}}},"fnMap":{"0":{"name":"(anonymous_0)","decl":{"start":{"line":7,"column":2},"end":{"line":7,"column":3}},"loc":{"start":{"line":7,"column":20},"end":{"line":9,"column":3}},"line":7},"1":{"name":"(anonymous_1)","decl":{"start":{"line":10,"column":2},"end":{"line":10,"column":3}},"loc":{"start":{"line":10,"column":22},"end":{"line":28,"column":3}},"line":10}},"branchMap":{"0":{"loc":{"start":{"line":13,"column":4},"end":{"line":27,"column":5}},"type":"if","locations":[{"start":{"line":13,"column":4},"end":{"line":27,"column":5}},{"start":{"line":13,"column":4},"end":{"line":27,"column":5}}],"line":13},"1":{"loc":{"start":{"line":16,"column":8},"end":{"line":18,"column":9}},"type":"if","locations":[{"start":{"line":16,"column":8},"end":{"line":18,"column":9}},{"start":{"line":16,"column":8},"end":{"line":18,"column":9}}],"line":16},"2":{"loc":{"start":{"line":19,"column":8},"end":{"line":21,"column":9}},"type":"if","locations":[{"start":{"line":19,"column":8},"end":{"line":21,"column":9}},{"start":{"line":19,"column":8},"end":{"line":21,"column":9}}],"line":19}},"s":{"0":1,"1":2,"2":2,"3":2,"4":2,"5":1,"6":1,"7":7,"8":3,"9":7,"10":3,"11":7,"12":1,"13":1,"14":1},"f":{"0":2,"1":2},"b":{"0":[1,1],"1":[3,4],"2":[3,4]},"_coverageSchema":"43e27e138ebf9cfc5966b082cf9a028302ed4184","hash":"a53e9d10bf780cd0d883bb9597f5ec6a4535a922"}
,"/home/rickbell/code/401/401JSCodeChallenges/code-challenges/cc17-breadthFirst/lib/newNode.js": {"path":"/home/rickbell/code/401/401JSCodeChallenges/code-challenges/cc17-breadthFirst/lib/newNode.js","statementMap":{"0":{"start":{"line":5,"column":4},"end":{"line":5,"column":23}},"1":{"start":{"line":6,"column":4},"end":{"line":6,"column":21}},"2":{"start":{"line":7,"column":4},"end":{"line":7,"column":22}},"3":{"start":{"line":8,"column":4},"end":{"line":8,"column":21}},"4":{"start":{"line":12,"column":0},"end":{"line":12,"column":22}}},"fnMap":{"0":{"name":"(anonymous_0)","decl":{"start":{"line":4,"column":2},"end":{"line":4,"column":3}},"loc":{"start":{"line":4,"column":21},"end":{"line":9,"column":3}},"line":4}},"branchMap":{},"s":{"0":7,"1":7,"2":7,"3":7,"4":1},"f":{"0":7},"b":{},"_coverageSchema":"43e27e138ebf9cfc5966b082cf9a028302ed4184","hash":"3727e7dc676945a7d8ac5ff039638083a92d4086"}
,"/home/rickbell/code/401/401JSCodeChallenges/code-challenges/cc17-breadthFirst/lib/newQueue.js": {"path":"/home/rickbell/code/401/401JSCodeChallenges/code-challenges/cc17-breadthFirst/lib/newQueue.js","statementMap":{"0":{"start":{"line":5,"column":4},"end":{"line":5,"column":22}},"1":{"start":{"line":6,"column":4},"end":{"line":6,"column":21}},"2":{"start":{"line":9,"column":18},"end":{"line":9,"column":26}},"3":{"start":{"line":10,"column":4},"end":{"line":16,"column":5}},"4":{"start":{"line":11,"column":6},"end":{"line":11,"column":27}},"5":{"start":{"line":12,"column":6},"end":{"line":12,"column":26}},"6":{"start":{"line":14,"column":6},"end":{"line":14,"column":31}},"7":{"start":{"line":15,"column":6},"end":{"line":15,"column":26}},"8":{"start":{"line":19,"column":14},"end":{"line":19,"column":24}},"9":{"start":{"line":20,"column":4},"end":{"line":26,"column":5}},"10":{"start":{"line":21,"column":6},"end":{"line":21,"column":27}},"11":{"start":{"line":23,"column":6},"end":{"line":23,"column":36}},"12":{"start":{"line":24,"column":6},"end":{"line":24,"column":22}},"13":{"start":{"line":25,"column":6},"end":{"line":25,"column":23}},"14":{"start":{"line":30,"column":0},"end":{"line":30,"column":23}}},"fnMap":{"0":{"name":"(anonymous_0)","decl":{"start":{"line":4,"column":2},"end":{"line":4,"column":3}},"loc":{"start":{"line":4,"column":15},"end":{"line":7,"column":3}},"line":4},"1":{"name":"(anonymous_1)","decl":{"start":{"line":8,"column":2},"end":{"line":8,"column":3}},"loc":{"start":{"line":8,"column":19},"end":{"line":17,"column":3}},"line":8},"2":{"name":"(anonymous_2)","decl":{"start":{"line":18,"column":2},"end":{"line":18,"column":3}},"loc":{"start":{"line":18,"column":11},"end":{"line":27,"column":3}},"line":18}},"branchMap":{"0":{"loc":{"start":{"line":10,"column":4},"end":{"line":16,"column":5}},"type":"if","locations":[{"start":{"line":10,"column":4},"end":{"line":16,"column":5}},{"start":{"line":10,"column":4},"end":{"line":16,"column":5}}],"line":10},"1":{"loc":{"start":{"line":20,"column":4},"end":{"line":26,"column":5}},"type":"if","locations":[{"start":{"line":20,"column":4},"end":{"line":26,"column":5}},{"start":{"line":20,"column":4},"end":{"line":26,"column":5}}],"line":20}},"s":{"0":2,"1":2,"2":7,"3":7,"4":1,"5":1,"6":6,"7":6,"8":7,"9":7,"10":0,"11":7,"12":7,"13":7,"14":1},"f":{"0":2,"1":7,"2":7},"b":{"0":[1,6],"1":[0,7]},"_coverageSchema":"43e27e138ebf9cfc5966b082cf9a028302ed4184","hash":"a7d55cc7911b130f9fd16733b4249dacadcac2e7"}
}
