TN:
SF:/home/rickbell/code/401/401JSCodeChallenges/code-challenges/cc17-breadthFirst/lib/binaryTree.js
FN:7,(anonymous_0)
FN:10,(anonymous_1)
FNF:2
FNH:2
FNDA:2,(anonymous_0)
FNDA:2,(anonymous_1)
DA:4,1
DA:8,2
DA:11,2
DA:12,2
DA:13,2
DA:14,1
DA:15,1
DA:16,7
DA:17,3
DA:19,7
DA:20,3
DA:22,7
DA:24,1
DA:26,1
DA:31,1
LF:15
LH:15
BRDA:13,0,0,1
BRDA:13,0,1,1
BRDA:16,1,0,3
BRDA:16,1,1,4
BRDA:19,2,0,3
BRDA:19,2,1,4
BRF:6
BRH:6
end_of_record
TN:
SF:/home/rickbell/code/401/401JSCodeChallenges/code-challenges/cc17-breadthFirst/lib/newNode.js
FN:4,(anonymous_0)
FNF:1
FNH:1
FNDA:7,(anonymous_0)
DA:5,7
DA:6,7
DA:7,7
DA:8,7
DA:12,1
LF:5
LH:5
BRF:0
BRH:0
end_of_record
TN:
SF:/home/rickbell/code/401/401JSCodeChallenges/code-challenges/cc17-breadthFirst/lib/newQueue.js
FN:4,(anonymous_0)
FN:8,(anonymous_1)
FN:18,(anonymous_2)
FNF:3
FNH:3
FNDA:2,(anonymous_0)
FNDA:7,(anonymous_1)
FNDA:7,(anonymous_2)
DA:5,2
DA:6,2
DA:9,7
DA:10,7
DA:11,1
DA:12,1
DA:14,6
DA:15,6
DA:19,7
DA:20,7
DA:21,0
DA:23,7
DA:24,7
DA:25,7
DA:30,1
LF:15
LH:14
BRDA:10,0,0,1
BRDA:10,0,1,6
BRDA:20,1,0,0
BRDA:20,1,1,7
BRF:4
BRH:3
end_of_record
