TN:
SF:/home/rickbell/code/401/401JSCodeChallenges/code-challenges/cc17-breadthFirst/lib/binaryTree.js
FN:7,(anonymous_0)
FN:10,(anonymous_1)
FNF:2
FNH:2
FNDA:1,(anonymous_0)
FNDA:1,(anonymous_1)
DA:3,1
DA:4,1
DA:8,1
DA:11,1
DA:12,1
DA:13,1
DA:14,1
DA:15,1
DA:16,7
DA:17,3
DA:19,7
DA:20,3
DA:22,7
DA:24,1
DA:29,1
LF:15
LH:15
BRDA:13,0,0,1
BRDA:13,0,1,0
BRDA:16,1,0,3
BRDA:16,1,1,4
BRDA:19,2,0,3
BRDA:19,2,1,4
BRF:6
BRH:5
end_of_record
TN:
SF:/home/rickbell/code/401/401JSCodeChallenges/code-challenges/cc17-breadthFirst/lib/newNode.js
FN:4,(anonymous_0)
FNF:1
FNH:1
FNDA:7,(anonymous_0)
DA:5,7
DA:6,7
DA:7,7
DA:8,7
DA:12,1
LF:5
LH:5
BRF:0
BRH:0
end_of_record
TN:
SF:/home/rickbell/code/401/401JSCodeChallenges/code-challenges/cc17-breadthFirst/lib/newQueue.js
FN:6,(anonymous_0)
FN:10,(anonymous_1)
FN:20,(anonymous_2)
FNF:3
FNH:3
FNDA:1,(anonymous_0)
FNDA:7,(anonymous_1)
FNDA:7,(anonymous_2)
DA:3,1
DA:7,1
DA:8,1
DA:11,7
DA:12,7
DA:13,1
DA:14,1
DA:16,6
DA:17,6
DA:21,7
DA:22,7
DA:23,0
DA:25,7
DA:26,7
DA:27,7
DA:32,1
LF:16
LH:15
BRDA:12,0,0,1
BRDA:12,0,1,6
BRDA:22,1,0,0
BRDA:22,1,1,7
BRF:4
BRH:3
end_of_record
TN:
SF:/home/rickbell/code/401/401JSCodeChallenges/code-challenges/cc17-breadthFirst/lib/qNode.js
FN:4,(anonymous_0)
FNF:1
FNH:0
FNDA:0,(anonymous_0)
DA:5,0
DA:6,0
DA:10,1
LF:3
LH:1
BRF:0
BRH:0
end_of_record
